<?xml version="1.0" encoding="UTF-8"?>
<testng-results ignored="0" total="1" passed="1" failed="0" skipped="0">
  <reporter-output>
  </reporter-output>
  <suite started-at="2020-04-09T18:43:59 EDT" name="Default suite" finished-at="2020-04-09T18:44:31 EDT" duration-ms="32142">
    <groups>
    </groups>
    <test started-at="2020-04-09T18:43:59 EDT" name="Default test" finished-at="2020-04-09T18:44:31 EDT" duration-ms="32142">
      <class name="com.geico.qa.testcases.CustomerInformationPageTest">
        <test-method is-config="true" signature="setUp()[pri:0, instance:com.geico.qa.testcases.CustomerInformationPageTest@45b9a632]" started-at="2020-04-09T18:43:59 EDT" name="setUp" finished-at="2020-04-09T18:44:18 EDT" duration-ms="18648" status="PASS">
          <reporter-output>
          </reporter-output>
        </test-method> <!-- setUp -->
        <test-method signature="verifyAddressTest()[pri:0, instance:com.geico.qa.testcases.CustomerInformationPageTest@45b9a632]" started-at="2020-04-09T18:44:18 EDT" name="verifyAddressTest" finished-at="2020-04-09T18:44:31 EDT" duration-ms="13450" status="PASS">
          <reporter-output>
          </reporter-output>
        </test-method> <!-- verifyAddressTest -->
        <test-method is-config="true" signature="tearDown()[pri:0, instance:com.geico.qa.testcases.CustomerInformationPageTest@45b9a632]" started-at="2020-04-09T18:44:31 EDT" name="tearDown" finished-at="2020-04-09T18:44:31 EDT" duration-ms="0" status="PASS">
          <reporter-output>
          </reporter-output>
        </test-method> <!-- tearDown -->
      </class> <!-- com.geico.qa.testcases.CustomerInformationPageTest -->
    </test> <!-- Default test -->
  </suite> <!-- Default suite -->
</testng-results>
